yarn run v1.3.2
$ roadhog server
Starting the development server...

Compiled successfully in 5.5s!

The app is running at:

  http://localhost:8000/

Note that the development build is not optimized.
To create a production build, use npm run build.

Compiling...
Compiled successfully in 0.2s!
Compiling...
Compiled successfully in 0.6s!
Compiling...
Compiled successfully in 0.4s!
Compiling...
Compiled successfully in 0.1s!
Compiling...
Compiled successfully in 0.2s!
Compiling...
Compiled successfully in 1.6s!
Compiling...
Compiled successfully in 0.2s!
Compiling...
Compiled successfully in 0.4s!
Compiling...
Compiled successfully in 0.3s!
Compiling...
Compiled successfully in 0.5s!
Compiling...
Compiled successfully in 0.5s!
Compiling...
Compiled successfully in 0.2s!
Compiling...
Compiled successfully in 0.1s!
Compiling...
Compiled successfully in 0.2s!
Compiling...
Failed to compile.

./src/mobile_router.js
Module not found: Can't resolve './routes/mobile/FairDetail' in '/root/work/2018/20180405/client/src'

Compiling...
Failed to compile.

./src/mobile_router.js
Module not found: Can't resolve './routes/mobile/FairDetail' in '/root/work/2018/20180405/client/src'

Compiling...
Failed to compile.

./src/mobile_router.js
Module not found: Can't resolve './routes/mobile/FairDetail' in '/root/work/2018/20180405/client/src'

Compiling...
Failed to compile.

./src/mobile_router.js
Module not found: Can't resolve './routes/mobile/FairDetail' in '/root/work/2018/20180405/client/src'

Compiling...
Compiled successfully in 0.9s!
Compiling...
Compiled successfully in 0.1s!
Compiling...
Compiled successfully in 0.2s!
Compiling...
Compiled successfully in 0.6s!
Compiling...
Compiled successfully in 0.1s!
Compiling...
Compiled successfully in 0.1s!
Compiling...
Compiled successfully in 1.0s!
Compiling...
Compiled successfully in 0.1s!
Compiling...
Compiled successfully in 0.4s!
Compiling...
Compiled successfully in 0.3s!
Compiling...
Compiled successfully in 0.2s!
Compiling...
Compiled successfully in 0.2s!
Compiling...
Compiled successfully in 0.1s!
Compiling...
Compiled successfully in 0.3s!
Compiling...
Compiled successfully in 0.1s!
Done in 172533.26s.
